/var/spool/slurm/job45462/slurm_script: line 14: /etc/profile.d/TMI.sh: No such file or directory
HDF5-DIAG: Error detected in HDF5 (1.12.2) thread 0:
  #000: H5F.c line 532 in H5Fcreate(): unable to create file
    major: File accessibility
    minor: Unable to open file
  #001: H5VLcallback.c line 3282 in H5VL_file_create(): file create failed
    major: Virtual Object Layer
    minor: Unable to create file
  #002: H5VLcallback.c line 3248 in H5VL__file_create(): file create failed
    major: Virtual Object Layer
    minor: Unable to create file
  #003: H5VLnative_file.c line 63 in H5VL__native_file_create(): unable to create file
    major: File accessibility
    minor: Unable to open file
  #004: H5Fint.c line 1898 in H5F_open(): unable to lock the file
    major: File accessibility
    minor: Unable to lock file
  #005: H5FD.c line 1625 in H5FD_lock(): driver lock request failed
    major: Virtual File Layer
    minor: Unable to lock file
  #006: H5FDsec2.c line 1002 in H5FD__sec2_lock(): unable to lock file, errno = 11, error message = 'Resource temporarily unavailable'
    major: Virtual File Layer
    minor: Unable to lock file
 -----------------------------------------------------------------------------
|                     _     ____    _    _    _____     _                     |
|                    | |   |  _ \  | |  | |  / ____|   | |                    |
|                    | |   | |_) | | |  | | | |  __    | |                    |
|                    |_|   |  _ <  | |  | | | | |_ |   |_|                    |
|                     _    | |_) | | |__| | | |__| |    _                     |
|                    (_)   |____/   \____/   \_____|   (_)                    |
|                                                                             |
|     internal error in: vhdf5.F  at line: 78                                 |
|                                                                             |
|     HDF5 call in vhdf5.F:78 produced error: -1                              |
|                                                                             |
|     If you are not a developer, you should not encounter this problem.      |
|     Please submit a bug report.                                             |
|                                                                             |
 -----------------------------------------------------------------------------

Abort(1) on node 0 (rank 0 in comm 0): application called MPI_Abort(MPI_COMM_WORLD, 1) - process 0
