[0] MPI startup(): Intel(R) MPI Library, Version 2021.6  Build 20220227 (id: 28877f3f32)
[0] MPI startup(): Copyright (C) 2003-2022 Intel Corporation.  All rights reserved.
[0] MPI startup(): library kind: release
[0] MPI startup(): libfabric version: 1.13.2rc1-impi
[0] MPI startup(): libfabric provider: psm2
[0] MPI startup(): File "/opt/intel/oneapi/mpi/2021.6.0/etc/tuning_skx_shm-ofi_psm2.dat" not found
[0] MPI startup(): Load tuning file: "/opt/intel/oneapi/mpi/2021.6.0/etc/tuning_skx_shm-ofi.dat"
[0] MPI startup(): Rank    Pid      Node name  Pin cpu
[0] MPI startup(): 0       782664   n033.hpc   0
[0] MPI startup(): 1       782665   n033.hpc   1
[0] MPI startup(): 2       782666   n033.hpc   2
[0] MPI startup(): 3       782667   n033.hpc   3
[0] MPI startup(): 4       782668   n033.hpc   4
[0] MPI startup(): 5       782669   n033.hpc   5
[0] MPI startup(): 6       782670   n033.hpc   6
[0] MPI startup(): 7       782671   n033.hpc   7
[0] MPI startup(): 8       782672   n033.hpc   8
[0] MPI startup(): 9       782673   n033.hpc   9
[0] MPI startup(): 10      782674   n033.hpc   10
[0] MPI startup(): 11      782675   n033.hpc   11
[0] MPI startup(): 12      782676   n033.hpc   12
[0] MPI startup(): 13      782677   n033.hpc   13
[0] MPI startup(): 14      782678   n033.hpc   14
[0] MPI startup(): 15      782679   n033.hpc   15
[0] MPI startup(): 16      782680   n033.hpc   16
[0] MPI startup(): 17      782681   n033.hpc   17
[0] MPI startup(): 18      782682   n033.hpc   18
[0] MPI startup(): 19      782683   n033.hpc   19
[0] MPI startup(): I_MPI_ROOT=/opt/intel/oneapi/mpi/2021.6.0
[0] MPI startup(): I_MPI_HYDRA_TOPOLIB=hwloc
[0] MPI startup(): I_MPI_INTERNAL_MEM_POLICY=default
[0] MPI startup(): MPIR_CVAR_CH4_OFI_ENABLE_DATA=0
[0] MPI startup(): I_MPI_DEBUG=5
 ----------------------------------------------------
    OOO  PPPP  EEEEE N   N M   M PPPP
   O   O P   P E     NN  N MM MM P   P
   O   O PPPP  EEEEE N N N M M M PPPP   -- VERSION
   O   O P     E     N  NN M   M P
    OOO  P     EEEEE N   N M   M P
 ----------------------------------------------------
 running   20 mpi-ranks, with    1 threads/rank
 distrk:  each k-point on   20 cores,    1 groups
 distr:  one band on    5 cores,    4 groups
